  surface.cpp
w:\university\year 2\labs\ai\node\retain\node.h(20): error C2143: syntax error: missing ')' before ';'
w:\university\year 2\labs\ai\node\retain\node.h(20): error C2059: syntax error: ')'
  node.cpp
w:\university\year 2\labs\ai\node\retain\node.h(20): error C2143: syntax error: missing ')' before ';'
w:\university\year 2\labs\ai\node\retain\node.h(20): error C2059: syntax error: ')'
w:\university\year 2\labs\ai\node\retain\node.cpp(50): error C2146: syntax error: missing ')' before identifier 'y'
w:\university\year 2\labs\ai\node\retain\node.cpp(50): error C2059: syntax error: ';'
w:\university\year 2\labs\ai\node\retain\node.cpp(50): error C2059: syntax error: ')'
w:\university\year 2\labs\ai\node\retain\node.cpp(52): error C2059: syntax error: 'for'
w:\university\year 2\labs\ai\node\retain\node.cpp(52): error C2143: syntax error: missing ')' before ';'
w:\university\year 2\labs\ai\node\retain\node.cpp(52): error C2065: 'x': undeclared identifier
w:\university\year 2\labs\ai\node\retain\node.cpp(52): error C2059: syntax error: ')'
w:\university\year 2\labs\ai\node\retain\node.cpp(55): error C2059: syntax error: 'if'
w:\university\year 2\labs\ai\node\retain\node.cpp(55): error C2143: syntax error: missing ')' before ';'
w:\university\year 2\labs\ai\node\retain\node.cpp(55): error C2059: syntax error: ')'
w:\university\year 2\labs\ai\node\retain\node.cpp(57): error C2059: syntax error: ';'
w:\university\year 2\labs\ai\node\retain\node.cpp(59): error C2059: syntax error: 'else'
w:\university\year 2\labs\ai\node\retain\node.cpp(60): error C2143: syntax error: missing ';' before '{'
w:\university\year 2\labs\ai\node\retain\node.cpp(60): error C2447: '{': missing function header (old-style formal list?)
w:\university\year 2\labs\ai\node\retain\node.cpp(63): error C2059: syntax error: 'else'
w:\university\year 2\labs\ai\node\retain\node.cpp(64): error C2143: syntax error: missing ';' before '{'
w:\university\year 2\labs\ai\node\retain\node.cpp(64): error C2447: '{': missing function header (old-style formal list?)
w:\university\year 2\labs\ai\node\retain\node.cpp(70): error C2059: syntax error: 'if'
w:\university\year 2\labs\ai\node\retain\node.cpp(71): error C2143: syntax error: missing ';' before '{'
w:\university\year 2\labs\ai\node\retain\node.cpp(71): error C2447: '{': missing function header (old-style formal list?)
w:\university\year 2\labs\ai\node\retain\node.cpp(74): error C2059: syntax error: 'else'
w:\university\year 2\labs\ai\node\retain\node.cpp(74): error C2143: syntax error: missing ')' before ';'
w:\university\year 2\labs\ai\node\retain\node.cpp(74): error C2059: syntax error: '-'
w:\university\year 2\labs\ai\node\retain\node.cpp(74): error C2059: syntax error: ')'
w:\university\year 2\labs\ai\node\retain\node.cpp(75): error C2143: syntax error: missing ';' before '{'
w:\university\year 2\labs\ai\node\retain\node.cpp(75): error C2447: '{': missing function header (old-style formal list?)
w:\university\year 2\labs\ai\node\retain\node.cpp(78): error C2059: syntax error: 'else'
w:\university\year 2\labs\ai\node\retain\node.cpp(79): error C2143: syntax error: missing ';' before '{'
w:\university\year 2\labs\ai\node\retain\node.cpp(79): error C2447: '{': missing function header (old-style formal list?)
w:\university\year 2\labs\ai\node\retain\node.cpp(85): error C2059: syntax error: 'if'
w:\university\year 2\labs\ai\node\retain\node.cpp(86): error C2143: syntax error: missing ';' before '{'
w:\university\year 2\labs\ai\node\retain\node.cpp(86): error C2447: '{': missing function header (old-style formal list?)
w:\university\year 2\labs\ai\node\retain\node.cpp(89): error C2059: syntax error: 'else'
w:\university\year 2\labs\ai\node\retain\node.cpp(89): error C2143: syntax error: missing ')' before ';'
w:\university\year 2\labs\ai\node\retain\node.cpp(89): error C2059: syntax error: '-'
w:\university\year 2\labs\ai\node\retain\node.cpp(89): error C2059: syntax error: ')'
w:\university\year 2\labs\ai\node\retain\node.cpp(90): error C2143: syntax error: missing ';' before '{'
w:\university\year 2\labs\ai\node\retain\node.cpp(90): error C2447: '{': missing function header (old-style formal list?)
w:\university\year 2\labs\ai\node\retain\node.cpp(94): error C2059: syntax error: 'else'
w:\university\year 2\labs\ai\node\retain\node.cpp(94): error C2143: syntax error: missing ')' before ';'
w:\university\year 2\labs\ai\node\retain\node.cpp(94): error C2059: syntax error: '-'
w:\university\year 2\labs\ai\node\retain\node.cpp(94): error C2059: syntax error: ')'
w:\university\year 2\labs\ai\node\retain\node.cpp(95): error C2143: syntax error: missing ';' before '{'
w:\university\year 2\labs\ai\node\retain\node.cpp(95): error C2447: '{': missing function header (old-style formal list?)
w:\university\year 2\labs\ai\node\retain\node.cpp(98): error C2059: syntax error: 'else'
w:\university\year 2\labs\ai\node\retain\node.cpp(98): error C2143: syntax error: missing ')' before ';'
w:\university\year 2\labs\ai\node\retain\node.cpp(98): error C2059: syntax error: '-'
w:\university\year 2\labs\ai\node\retain\node.cpp(98): error C2059: syntax error: ')'
w:\university\year 2\labs\ai\node\retain\node.cpp(99): error C2143: syntax error: missing ';' before '{'
w:\university\year 2\labs\ai\node\retain\node.cpp(99): error C2447: '{': missing function header (old-style formal list?)
w:\university\year 2\labs\ai\node\retain\node.cpp(103): error C2059: syntax error: 'else'
w:\university\year 2\labs\ai\node\retain\node.cpp(103): error C2143: syntax error: missing ')' before ';'
w:\university\year 2\labs\ai\node\retain\node.cpp(103): error C2059: syntax error: '-'
w:\university\year 2\labs\ai\node\retain\node.cpp(103): error C2059: syntax error: ')'
w:\university\year 2\labs\ai\node\retain\node.cpp(104): error C2143: syntax error: missing ';' before '{'
w:\university\year 2\labs\ai\node\retain\node.cpp(104): error C2447: '{': missing function header (old-style formal list?)
w:\university\year 2\labs\ai\node\retain\node.cpp(110): error C2059: syntax error: 'else'
w:\university\year 2\labs\ai\node\retain\node.cpp(110): error C2143: syntax error: missing ')' before ';'
w:\university\year 2\labs\ai\node\retain\node.cpp(110): error C2059: syntax error: '-'
w:\university\year 2\labs\ai\node\retain\node.cpp(110): error C2059: syntax error: ')'
w:\university\year 2\labs\ai\node\retain\node.cpp(111): error C2143: syntax error: missing ';' before '{'
w:\university\year 2\labs\ai\node\retain\node.cpp(111): error C2447: '{': missing function header (old-style formal list?)
w:\university\year 2\labs\ai\node\retain\node.cpp(115): error C2059: syntax error: 'else'
w:\university\year 2\labs\ai\node\retain\node.cpp(115): error C2143: syntax error: missing ')' before ';'
w:\university\year 2\labs\ai\node\retain\node.cpp(115): error C2059: syntax error: '-'
w:\university\year 2\labs\ai\node\retain\node.cpp(115): error C2059: syntax error: ')'
w:\university\year 2\labs\ai\node\retain\node.cpp(116): error C2143: syntax error: missing ';' before '{'
w:\university\year 2\labs\ai\node\retain\node.cpp(116): error C2447: '{': missing function header (old-style formal list?)
w:\university\year 2\labs\ai\node\retain\node.cpp(119): error C2059: syntax error: 'else'
w:\university\year 2\labs\ai\node\retain\node.cpp(119): error C2143: syntax error: missing ')' before ';'
w:\university\year 2\labs\ai\node\retain\node.cpp(119): error C2059: syntax error: '-'
w:\university\year 2\labs\ai\node\retain\node.cpp(119): error C2059: syntax error: ')'
w:\university\year 2\labs\ai\node\retain\node.cpp(120): error C2143: syntax error: missing ';' before '{'
w:\university\year 2\labs\ai\node\retain\node.cpp(120): error C2447: '{': missing function header (old-style formal list?)
w:\university\year 2\labs\ai\node\retain\node.cpp(124): error C2059: syntax error: 'else'
w:\university\year 2\labs\ai\node\retain\node.cpp(124): error C2143: syntax error: missing ')' before ';'
w:\university\year 2\labs\ai\node\retain\node.cpp(124): error C2059: syntax error: '-'
w:\university\year 2\labs\ai\node\retain\node.cpp(124): error C2059: syntax error: ')'
w:\university\year 2\labs\ai\node\retain\node.cpp(125): error C2143: syntax error: missing ';' before '{'
w:\university\year 2\labs\ai\node\retain\node.cpp(125): error C2447: '{': missing function header (old-style formal list?)
w:\university\year 2\labs\ai\node\retain\node.cpp(128): error C2143: syntax error: missing ';' before '++'
w:\university\year 2\labs\ai\node\retain\node.cpp(128): error C4430: missing type specifier - int assumed. Note: C++ does not support default-int
w:\university\year 2\labs\ai\node\retain\node.cpp(129): error C2059: syntax error: '}'
w:\university\year 2\labs\ai\node\retain\node.cpp(129): error C2143: syntax error: missing ';' before '}'
w:\university\year 2\labs\ai\node\retain\node.cpp(130): error C2143: syntax error: missing ';' before '}'
w:\university\year 2\labs\ai\node\retain\node.cpp(130): error C2059: syntax error: '}'
w:\university\year 2\labs\ai\node\retain\node.cpp(131): error C2143: syntax error: missing ';' before '}'
w:\university\year 2\labs\ai\node\retain\node.cpp(131): error C2059: syntax error: '}'
  main.cpp
w:\university\year 2\labs\ai\node\retain\node.h(20): error C2143: syntax error: missing ')' before ';'
w:\university\year 2\labs\ai\node\retain\node.h(20): error C2059: syntax error: ')'
  Generating Code...
