d:\documents\github\ai-assignment\ai assignment\vs2012\release\vc140.pdb
d:\documents\github\ai-assignment\ai assignment\vs2012\release\surface.nativecodeanalysis.xml
d:\documents\github\ai-assignment\ai assignment\vs2012\release\player.nativecodeanalysis.xml
d:\documents\github\ai-assignment\ai assignment\vs2012\release\path.nativecodeanalysis.xml
d:\documents\github\ai-assignment\ai assignment\vs2012\release\node.nativecodeanalysis.xml
d:\documents\github\ai-assignment\ai assignment\vs2012\release\main.nativecodeanalysis.xml
d:\documents\github\ai-assignment\ai assignment\vs2012\release\gameobject.nativecodeanalysis.xml
d:\documents\github\ai-assignment\ai assignment\vs2012\release\enemy.nativecodeanalysis.xml
d:\documents\github\ai-assignment\ai assignment\vs2012\release\enemy.obj
d:\documents\github\ai-assignment\ai assignment\vs2012\release\gameobject.obj
d:\documents\github\ai-assignment\ai assignment\vs2012\release\main.obj
d:\documents\github\ai-assignment\ai assignment\vs2012\release\node.obj
d:\documents\github\ai-assignment\ai assignment\vs2012\release\path.obj
d:\documents\github\ai-assignment\ai assignment\vs2012\release\player.obj
d:\documents\github\ai-assignment\ai assignment\vs2012\release\surface.obj
d:\documents\github\ai-assignment\ai assignment\vs2012\release\retain.exe
d:\documents\github\ai-assignment\ai assignment\vs2012\release\retain.ipdb
d:\documents\github\ai-assignment\ai assignment\vs2012\release\retain.iobj
d:\documents\github\ai-assignment\ai assignment\vs2012\release\retain.pdb
d:\documents\github\ai-assignment\ai assignment\vs2012\release\nativecodeanalysis.read.1.tlog
d:\documents\github\ai-assignment\ai assignment\vs2012\release\vc.nativecodeanalysis.all.xml
d:\documents\github\ai-assignment\ai assignment\vs2012\release\retain.exe.lastcodeanalysissucceeded
d:\documents\github\ai-assignment\ai assignment\vs2012\release\retain.tlog\cl.command.1.tlog
d:\documents\github\ai-assignment\ai assignment\vs2012\release\retain.tlog\cl.read.1.tlog
d:\documents\github\ai-assignment\ai assignment\vs2012\release\retain.tlog\cl.write.1.tlog
d:\documents\github\ai-assignment\ai assignment\vs2012\release\retain.tlog\link.command.1.tlog
d:\documents\github\ai-assignment\ai assignment\vs2012\release\retain.tlog\link.read.1.tlog
d:\documents\github\ai-assignment\ai assignment\vs2012\release\retain.tlog\link.write.1.tlog
